[debug] [2021-11-06T19:10:04.833Z] ----------------------------------------------------------------------
[debug] [2021-11-06T19:10:04.835Z] Command:       C:\Program Files\nodejs\node.exe C:\Users\Patricia\AppData\Roaming\npm\node_modules\firebase-tools\lib\bin\firebase.js init
[debug] [2021-11-06T19:10:04.835Z] CLI Version:   9.22.0
[debug] [2021-11-06T19:10:04.836Z] Platform:      win32
[debug] [2021-11-06T19:10:04.836Z] Node Version:  v14.16.0
[debug] [2021-11-06T19:10:04.836Z] Time:          Sat Nov 06 2021 20:10:04 GMT+0100 (Mitteleuropäische Normalzeit)
[debug] [2021-11-06T19:10:04.837Z] ----------------------------------------------------------------------
[debug] 
[debug] [2021-11-06T19:10:04.845Z] > command requires scopes: ["email","openid","https://www.googleapis.com/auth/cloudplatformprojects.readonly","https://www.googleapis.com/auth/firebase","https://www.googleapis.com/auth/cloud-platform"]
[debug] [2021-11-06T19:10:04.845Z] > authorizing via signed-in user (pat575859@gmail.com)
[info] 
     ######## #### ########  ######## ########     ###     ######  ########
     ##        ##  ##     ## ##       ##     ##  ##   ##  ##       ##
     ######    ##  ########  ######   ########  #########  ######  ######
     ##        ##  ##    ##  ##       ##     ## ##     ##       ## ##
     ##       #### ##     ## ######## ########  ##     ##  ######  ########

You're about to initialize a Firebase project in this directory:

  C:\Users\Patricia\WebstormProjects\ski-pap\ski-pap

[info] 
=== Project Setup
[info] 
[info] First, let's associate this project directory with a Firebase project.
[info] You can create multiple project aliases by running firebase use --add, 
[info] but for now we'll just set up a default project.
[info] 
[debug] [2021-11-06T19:10:45.969Z] > refreshing access token with scopes: []
[debug] [2021-11-06T19:10:45.970Z] >>> HTTP REQUEST POST https://www.googleapis.com/oauth2/v3/token  
 <request body omitted>
[debug] [2021-11-06T19:10:46.665Z] <<< HTTP RESPONSE 200 {"pragma":"no-cache","date":"Sat, 06 Nov 2021 19:10:45 GMT","expires":"Mon, 01 Jan 1990 00:00:00 GMT","cache-control":"no-cache, no-store, max-age=0, must-revalidate","content-type":"application/json; charset=utf-8","vary":"X-Origin, Referer, Origin,Accept-Encoding","server":"scaffolding on HTTPServer2","x-xss-protection":"0","x-frame-options":"SAMEORIGIN","x-content-type-options":"nosniff","alt-svc":"h3=\":443\"; ma=2592000,h3-29=\":443\"; ma=2592000,h3-Q050=\":443\"; ma=2592000,h3-Q046=\":443\"; ma=2592000,h3-Q043=\":443\"; ma=2592000,quic=\":443\"; ma=2592000; v=\"46,43\"","accept-ranges":"none","transfer-encoding":"chunked"}
[debug] [2021-11-06T19:10:46.687Z] >>> [apiv2][query] GET https://firebase.googleapis.com/v1beta1/projects pageSize=100
[debug] [2021-11-06T19:10:47.785Z] <<< [apiv2][status] GET https://firebase.googleapis.com/v1beta1/projects 200
[debug] [2021-11-06T19:10:47.785Z] <<< [apiv2][body] GET https://firebase.googleapis.com/v1beta1/projects [omitted]
[info] i  Using project ski-pap (ski-pap) 
[info] 
=== Hosting Setup
[info] 
[info] Your public directory is the folder (relative to your project directory) that
[info] will contain Hosting assets to be uploaded with firebase deploy. If you
[info] have a build process for your assets, use your build's output directory.
[info] 
[debug] [2021-11-06T19:17:47.651Z] ----------------------------------------------------------------------
[debug] [2021-11-06T19:17:47.653Z] Command:       C:\Program Files\nodejs\node.exe C:\Users\Patricia\AppData\Roaming\npm\node_modules\firebase-tools\lib\bin\firebase.js init
[debug] [2021-11-06T19:17:47.653Z] CLI Version:   9.22.0
[debug] [2021-11-06T19:17:47.653Z] Platform:      win32
[debug] [2021-11-06T19:17:47.653Z] Node Version:  v14.16.0
[debug] [2021-11-06T19:17:47.654Z] Time:          Sat Nov 06 2021 20:17:47 GMT+0100 (Mitteleuropäische Normalzeit)
[debug] [2021-11-06T19:17:47.654Z] ----------------------------------------------------------------------
[debug] 
[debug] [2021-11-06T19:17:47.662Z] > command requires scopes: ["email","openid","https://www.googleapis.com/auth/cloudplatformprojects.readonly","https://www.googleapis.com/auth/firebase","https://www.googleapis.com/auth/cloud-platform"]
[debug] [2021-11-06T19:17:47.663Z] > authorizing via signed-in user (pat575859@gmail.com)
[info] 
     ######## #### ########  ######## ########     ###     ######  ########
     ##        ##  ##     ## ##       ##     ##  ##   ##  ##       ##
     ######    ##  ########  ######   ########  #########  ######  ######
     ##        ##  ##    ##  ##       ##     ## ##     ##       ## ##
     ##       #### ##     ## ######## ########  ##     ##  ######  ########

You're about to initialize a Firebase project in this directory:

  C:\Users\Patricia\WebstormProjects\ski-pap\ski-pap

[info] 
=== Project Setup
[info] 
[info] First, let's associate this project directory with a Firebase project.
[info] You can create multiple project aliases by running firebase use --add, 
[info] but for now we'll just set up a default project.
[info] 
[debug] [2021-11-06T19:17:56.144Z] >>> [apiv2][query] GET https://firebase.googleapis.com/v1beta1/projects pageSize=100
[debug] [2021-11-06T19:17:58.572Z] <<< [apiv2][status] GET https://firebase.googleapis.com/v1beta1/projects 200
[debug] [2021-11-06T19:17:58.572Z] <<< [apiv2][body] GET https://firebase.googleapis.com/v1beta1/projects [omitted]
[info] i  Using project ski-pap (ski-pap) 
[info] 
=== Hosting Setup
[info] 
[info] Your public directory is the folder (relative to your project directory) that
[info] will contain Hosting assets to be uploaded with firebase deploy. If you
[info] have a build process for your assets, use your build's output directory.
[info] 
